Arguments: 
  /home/askee/.nvm/versions/node/v18.12.1/bin/node /home/askee/.nvm/versions/node/v18.12.1/bin/yarn lint-and-fix

PATH: 
  /home/askee/.local/share/pnpm:/home/askee/.local/share/solana/install/active_release/bin:/usr/lib/jvm/java-17-openjdk//bin:/home/askee/.platformsh/bin:/home/askee/.nvm/versions/node/v18.12.1/bin:/home/askee/.npm-global/bin:/home/askee/bin:/home/askee/.local/bin:/usr/local/bin:/opt/jython/bin/:/home/askee/.cargo/bin:/usr/share/archcraft/scripts:/usr/local/sbin:/usr/local/bin:/usr/bin:/opt/android-sdk/platform-tools:/usr/lib/jvm/default/bin:/usr/bin/site_perl:/usr/bin/vendor_perl:/usr/bin/core_perl:/home/askee/flutter/bin:/home/askee/Android/Sdk/emulator:/home/askee/Android/Sdk/tools:/home/askee/Android/Sdk/tools/bin:/home/askee/Android/Sdk/platform-tools:~/.local/bin:/home/askee/.foundry/bin:/home/askee/go/bin:/home/askee/.local/share/gem/ruby/3.0.0/bin

Yarn version: 
  1.22.19

Node version: 
  18.12.1

Platform: 
  linux x64

Trace: 
  SyntaxError: /home/askee/workspace/protocol-projet/evento-front/package.json: Unexpected token ; in JSON at position 2065
      at JSON.parse (<anonymous>)
      at /home/askee/.nvm/versions/node/v18.12.1/lib/node_modules/yarn/lib/cli.js:1629:59
      at Generator.next (<anonymous>)
      at step (/home/askee/.nvm/versions/node/v18.12.1/lib/node_modules/yarn/lib/cli.js:310:30)
      at /home/askee/.nvm/versions/node/v18.12.1/lib/node_modules/yarn/lib/cli.js:321:13

npm manifest: 
  {
  	"name": "evento-front",
  	"version": "1.0.0",
  	"main": "node_modules/expo/AppEntry.js",
  	"scripts": {
  		"start": "expo start",
  		"android": "expo start --android",
  		"ios": "expo start --ios",
  		"web": "expo start --web",
  		"format": "prettier --write .",
  		"lint": "eslint . --ext .ts,.tsx,.js,.jsx,.json",
  		"lint-and-fix": "eslint . --ext .ts,.tsx,.js,.jsx,.json --fix"
  	},
  	"lint-staged": {
  		"**/**/*.{js,jsx,ts,tsx}": "eslint --cache --fix",
  		"**/**/*.{js,jsx,ts,tsx,css,scss,md}": "prettier --write --ignore-unknown"
  	},
  	"dependencies": {
  		"@react-navigation/bottom-tabs": "^6.5.7",
  		"@react-navigation/drawer": "^6.6.2",
  		"@react-navigation/native": "^6.1.6",
  		"@react-navigation/native-stack": "^6.9.12",
  		"@tamagui/animations-react-native": "^1.29.1",
  		"@tamagui/babel-plugin": "^1.29.1",
  		"@tamagui/config": "^1.29.1",
  		"@tamagui/font-inter": "^1.29.1",
  		"@tamagui/lucide-icons": "^1.29.1",
  		"@tamagui/shorthands": "^1.29.1",
  		"@tamagui/theme-base": "^1.29.1",
  		"@tamagui/themes": "^1.29.1",
  		"babel-plugin-transform-inline-environment-variables": "^0.4.4",
  		"expo": "~48.0.15",
  		"expo-font": "^11.1.1",
  		"expo-linear-gradient": "~12.1.2",
  		"expo-status-bar": "~1.4.4",
  		"react": "18.2.0",
  		"react-dom": "^18.2.0",
  		"react-native": "0.71.8",
  		"react-native-gesture-handler": "~2.9.0",
  		"react-native-reanimated": "~2.14.4",
  		"react-native-safe-area-context": "4.5.0",
  		"react-native-screens": "~3.20.0",
  		"react-native-svg": "13.4.0",
  		"react-native-web": "^0.19.4",
  		"tamagui": "^1.29.1",
  		"zustand": "^4.3.8"
  	},
  	"devDependencies": {
  		"eslint-config-prettier": "^8.8.0",
  		"eslint-plugin-react": "^7.32.2",
  		"eslint-plugin-react-hooks": "^4.6.0",
  		"@typescript-eslint/eslint-plugin": "^5.59.7",
  		"@typescript-eslint/parser": "^5.59.7",
  		"@babel/core": "^7.20.0",
  		"@types/react": "~18.0.14",
  		"@types/react-native": "^0.72.0",
  		"eslint": "^8.41.0",
  		"eslint-plugin-react-native": "^4.0.0",
  		"husky": "^8.0.3",
  		"lint-staged": "^13.2.2",
  		"prettier": "^2.8.8",
  		"typescript": "^4.9.4"
  	},
  	"private": true
  };

yarn manifest: 
  No manifest

Lockfile: 
  No lockfile
